[2025-01-11 09:14:24,747: INFO: main: Welcome to our Text Summarizer Project]
[2025-01-12 11:21:07,550: INFO: common: yaml file: config\config.yaml loaded successfully]
[2025-01-12 11:21:07,554: INFO: common: yaml file: params.yaml loaded successfully]
[2025-01-12 11:21:07,556: INFO: common: Created directory at: artifacts]
[2025-01-12 11:21:07,559: INFO: common: Created directory at: artifacts/data_ingestion]
[2025-01-12 11:21:08,721: INFO: 3679176623: artifacts/data_ingestion/data.zip downloaded with the following info: Connection: close
Content-Length: 7903594
Cache-Control: max-age=300
Content-Security-Policy: default-src 'none'; style-src 'unsafe-inline'; sandbox
Content-Type: application/zip
ETag: "dbc016a060da18070593b83afff580c9b300f0b6ea4147a7988433e04df246ca"
Strict-Transport-Security: max-age=31536000
X-Content-Type-Options: nosniff
X-Frame-Options: deny
X-XSS-Protection: 1; mode=block
X-GitHub-Request-Id: A81B:19C89D:24E1FF3:268567E:67839793
Accept-Ranges: bytes
Date: Sun, 12 Jan 2025 10:21:09 GMT
Via: 1.1 varnish
X-Served-By: cache-mad2200136-MAD
X-Cache: MISS
X-Cache-Hits: 0
X-Timer: S1736677269.719145,VS0,VE390
Vary: Authorization,Accept-Encoding,Origin
Access-Control-Allow-Origin: *
Cross-Origin-Resource-Policy: cross-origin
X-Fastly-Request-ID: 05564d3581e62c48a98d38901571a93aae13103d
Expires: Sun, 12 Jan 2025 10:26:09 GMT
Source-Age: 0

]
[2025-01-12 11:21:08,898: INFO: 3679176623: Zip file extracted successfully]
[2025-01-12 11:53:19,527: INFO: main: >>>>>> stage Data Ingestion Stage started <<<<<<]
[2025-01-12 11:53:19,529: INFO: common: yaml file: config\config.yaml loaded successfully]
[2025-01-12 11:53:19,530: INFO: common: yaml file: params.yaml loaded successfully]
[2025-01-12 11:53:19,530: INFO: common: Created directory at: artifacts]
[2025-01-12 11:53:19,531: INFO: common: Created directory at: artifacts/data_ingestion]
[2025-01-12 11:53:20,522: INFO: data_ingestion: artifacts/data_ingestion/data.zip downloaded with the following info: Connection: close
Content-Length: 7903594
Cache-Control: max-age=300
Content-Security-Policy: default-src 'none'; style-src 'unsafe-inline'; sandbox
Content-Type: application/zip
ETag: "dbc016a060da18070593b83afff580c9b300f0b6ea4147a7988433e04df246ca"
Strict-Transport-Security: max-age=31536000
X-Content-Type-Options: nosniff
X-Frame-Options: deny
X-XSS-Protection: 1; mode=block
X-GitHub-Request-Id: A81B:19C89D:24E1FF3:268567E:67839793
Accept-Ranges: bytes
Date: Sun, 12 Jan 2025 10:53:20 GMT
Via: 1.1 varnish
X-Served-By: cache-mad22025-MAD
X-Cache: HIT
X-Cache-Hits: 0
X-Timer: S1736679201.713865,VS0,VE211
Vary: Authorization,Accept-Encoding,Origin
Access-Control-Allow-Origin: *
Cross-Origin-Resource-Policy: cross-origin
X-Fastly-Request-ID: 2fa90e620281d30c37a4676bd0f60d1420b16305
Expires: Sun, 12 Jan 2025 10:58:20 GMT
Source-Age: 0

]
[2025-01-12 11:53:20,527: INFO: data_ingestion: Files already extracted in artifacts/data_ingestion]
[2025-01-12 11:53:20,527: INFO: main: >>>>>> stage Data Ingestion Stage completed <<<<<<]
[2025-01-12 11:56:26,571: INFO: main: >>>>>> stage Data Ingestion Stage started <<<<<<]
[2025-01-12 11:56:26,572: INFO: common: yaml file: config\config.yaml loaded successfully]
[2025-01-12 11:56:26,574: INFO: common: yaml file: params.yaml loaded successfully]
[2025-01-12 11:56:26,574: INFO: common: Created directory at: artifacts]
[2025-01-12 11:56:26,575: INFO: common: Created directory at: artifacts/data_ingestion]
[2025-01-12 11:56:26,575: INFO: data_ingestion: File already exists]
[2025-01-12 11:56:26,711: INFO: data_ingestion: Zip file extracted successfully]
[2025-01-12 11:56:26,712: INFO: main: >>>>>> stage Data Ingestion Stage completed <<<<<<]
[2025-01-12 12:01:04,520: INFO: main: >>>>>> stage Data Ingestion Stage started <<<<<<]
[2025-01-12 12:01:04,522: INFO: common: yaml file: config\config.yaml loaded successfully]
[2025-01-12 12:01:04,522: INFO: common: yaml file: params.yaml loaded successfully]
[2025-01-12 12:01:04,523: INFO: common: Created directory at: artifacts]
[2025-01-12 12:01:04,524: INFO: common: Created directory at: artifacts/data_ingestion]
[2025-01-12 12:01:05,615: INFO: data_ingestion: artifacts/data_ingestion/data.zip downloaded with the following info: Connection: close
Content-Length: 7903594
Cache-Control: max-age=300
Content-Security-Policy: default-src 'none'; style-src 'unsafe-inline'; sandbox
Content-Type: application/zip
ETag: "dbc016a060da18070593b83afff580c9b300f0b6ea4147a7988433e04df246ca"
Strict-Transport-Security: max-age=31536000
X-Content-Type-Options: nosniff
X-Frame-Options: deny
X-XSS-Protection: 1; mode=block
X-GitHub-Request-Id: A81B:19C89D:24E1FF3:268567E:67839793
Accept-Ranges: bytes
Date: Sun, 12 Jan 2025 11:01:05 GMT
Via: 1.1 varnish
X-Served-By: cache-mad22070-MAD
X-Cache: HIT
X-Cache-Hits: 0
X-Timer: S1736679666.703255,VS0,VE167
Vary: Authorization,Accept-Encoding,Origin
Access-Control-Allow-Origin: *
Cross-Origin-Resource-Policy: cross-origin
X-Fastly-Request-ID: c1d4c2be9b92a3103d62d0076aaa20a25a9adce9
Expires: Sun, 12 Jan 2025 11:06:05 GMT
Source-Age: 0

]
[2025-01-12 12:01:05,788: INFO: data_ingestion: Zip file extracted successfully]
[2025-01-12 12:01:05,788: INFO: main: >>>>>> stage Data Ingestion Stage completed <<<<<<]
[2025-01-12 14:05:54,661: INFO: config: PyTorch version 2.5.1 available.]
[2025-01-12 14:12:45,424: INFO: common: yaml file: config\config.yaml loaded successfully]
[2025-01-12 14:12:45,427: INFO: common: yaml file: params.yaml loaded successfully]
[2025-01-12 14:12:45,430: INFO: common: Created directory at: artifacts]
[2025-01-12 14:14:58,904: INFO: common: yaml file: config\config.yaml loaded successfully]
[2025-01-12 14:14:58,907: INFO: common: yaml file: params.yaml loaded successfully]
[2025-01-12 14:14:58,909: INFO: common: Created directory at: artifacts]
[2025-01-12 14:14:58,911: INFO: common: Created directory at: artifacts/data_transformation]
[2025-01-12 15:27:17,300: INFO: config: PyTorch version 2.5.1 available.]
[2025-01-12 15:27:17,682: INFO: main: >>>>>> stage Data Transformation Stage started <<<<<<]
[2025-01-12 15:27:17,685: INFO: common: yaml file: config\config.yaml loaded successfully]
[2025-01-12 15:27:17,685: INFO: common: yaml file: params.yaml loaded successfully]
[2025-01-12 15:27:17,686: INFO: common: Created directory at: artifacts]
[2025-01-12 15:27:17,687: INFO: common: Created directory at: artifacts/data_transformation]
[2025-01-12 15:27:23,743: INFO: main: >>>>>> stage Data Transformation Stage completed <<<<<<]
[2025-01-14 11:17:30,433: INFO: config: PyTorch version 2.5.1 available.]
[2025-01-14 11:49:03,887: INFO: config: PyTorch version 2.5.1 available.]
[2025-01-14 11:59:08,080: INFO: config: PyTorch version 2.1.0+cu121 available.]
[2025-01-14 12:39:33,436: INFO: config: PyTorch version 2.5.1+cu124 available.]
[2025-01-14 13:03:00,763: INFO: common: yaml file: config\config.yaml loaded successfully]
[2025-01-14 13:03:00,769: INFO: common: yaml file: params.yaml loaded successfully]
[2025-01-14 13:03:00,771: INFO: common: Created directory at: artifacts]
[2025-01-14 13:03:00,774: INFO: common: Created directory at: artifacts/model_trainer]
[2025-01-14 13:06:37,768: INFO: common: yaml file: config\config.yaml loaded successfully]
[2025-01-14 13:06:37,774: INFO: common: yaml file: params.yaml loaded successfully]
[2025-01-14 13:06:37,776: INFO: common: Created directory at: artifacts]
[2025-01-14 13:06:37,778: INFO: common: Created directory at: artifacts/model_trainer]
[2025-01-14 13:10:39,345: INFO: config: PyTorch version 2.5.1+cu124 available.]
[2025-01-14 13:10:40,205: INFO: common: yaml file: config\config.yaml loaded successfully]
[2025-01-14 13:10:40,212: INFO: common: yaml file: params.yaml loaded successfully]
[2025-01-14 13:10:40,215: INFO: common: Created directory at: artifacts]
[2025-01-14 13:10:40,217: INFO: common: Created directory at: artifacts/model_trainer]
[2025-01-14 13:49:25,239: INFO: config: PyTorch version 2.5.1+cu124 available.]
[2025-01-14 13:49:25,913: INFO: main: >>>>>> stage Model Trainer Stage started <<<<<<]
[2025-01-14 13:49:25,916: INFO: common: yaml file: config\config.yaml loaded successfully]
[2025-01-14 13:49:25,918: INFO: common: yaml file: params.yaml loaded successfully]
[2025-01-14 13:49:25,919: INFO: common: Created directory at: artifacts]
[2025-01-14 13:49:25,919: INFO: common: Created directory at: artifacts/model_trainer]
[2025-01-14 13:49:35,547: INFO: config: PyTorch version 2.5.1+cu124 available.]
[2025-01-14 13:49:36,129: INFO: main: >>>>>> stage Model Trainer Stage started <<<<<<]
[2025-01-14 13:49:36,133: INFO: common: yaml file: config\config.yaml loaded successfully]
[2025-01-14 13:49:36,135: INFO: common: yaml file: params.yaml loaded successfully]
[2025-01-14 13:49:36,136: INFO: common: Created directory at: artifacts]
[2025-01-14 13:49:36,137: INFO: common: Created directory at: artifacts/model_trainer]
[2025-01-14 13:49:38,336: ERROR: main: Can't load the model for 'google/pegasus-cnn_dailymail'. If you were trying to load it from 'https://huggingface.co/models', make sure you don't have a local directory with the same name. Otherwise, make sure 'google/pegasus-cnn_dailymail' is the correct path to a directory containing a file named pytorch_model.bin, tf_model.h5, model.ckpt or flax_model.msgpack.]
Traceback (most recent call last):
  File "c:\Projects\011_NLP_HuggF_Summarizer\TextSummarizer\venv_TextSumm\lib\site-packages\transformers\modeling_utils.py", line 3897, in from_pretrained
    ).start()
  File "c:\Projects\011_NLP_HuggF_Summarizer\TextSummarizer\venv_TextSumm\lib\multiprocessing\process.py", line 121, in start
    self._popen = self._Popen(self)
  File "c:\Projects\011_NLP_HuggF_Summarizer\TextSummarizer\venv_TextSumm\lib\multiprocessing\context.py", line 224, in _Popen
    return _default_context.get_context().Process._Popen(process_obj)
  File "c:\Projects\011_NLP_HuggF_Summarizer\TextSummarizer\venv_TextSumm\lib\multiprocessing\context.py", line 327, in _Popen
    return Popen(process_obj)
  File "c:\Projects\011_NLP_HuggF_Summarizer\TextSummarizer\venv_TextSumm\lib\multiprocessing\popen_spawn_win32.py", line 45, in __init__
    prep_data = spawn.get_preparation_data(process_obj._name)
  File "c:\Projects\011_NLP_HuggF_Summarizer\TextSummarizer\venv_TextSumm\lib\multiprocessing\spawn.py", line 154, in get_preparation_data
    _check_not_importing_main()
  File "c:\Projects\011_NLP_HuggF_Summarizer\TextSummarizer\venv_TextSumm\lib\multiprocessing\spawn.py", line 134, in _check_not_importing_main
    raise RuntimeError('''
RuntimeError: 
        An attempt has been made to start a new process before the
        current process has finished its bootstrapping phase.

        This probably means that you are not using fork to start your
        child processes and you have forgotten to use the proper idiom
        in the main module:

            if __name__ == '__main__':
                freeze_support()
                ...

        The "freeze_support()" line can be omitted if the program
        is not going to be frozen to produce an executable.

The above exception was the direct cause of the following exception:

Traceback (most recent call last):
  File "C:\Projects\011_NLP_HuggF_Summarizer\TextSummarizer\main.py", line 31, in <module>
    model_trainer_pipeline.initiate_model_trainer()
  File "C:\Projects\011_NLP_HuggF_Summarizer\TextSummarizer\src\textSummarizer\pipeline\stage_3_model_trainer_pipeline.py", line 12, in initiate_model_trainer
    model_trainer.train()
  File "C:\Projects\011_NLP_HuggF_Summarizer\TextSummarizer\src\textSummarizer\components\model_trainer.py", line 17, in train
    model_pegasus = AutoModelForSeq2SeqLM.from_pretrained(self.config.model_ckpt).to(device)
  File "c:\Projects\011_NLP_HuggF_Summarizer\TextSummarizer\venv_TextSumm\lib\site-packages\transformers\models\auto\auto_factory.py", line 564, in from_pretrained
    return model_class.from_pretrained(
  File "c:\Projects\011_NLP_HuggF_Summarizer\TextSummarizer\venv_TextSumm\lib\site-packages\transformers\modeling_utils.py", line 3941, in from_pretrained
    raise EnvironmentError(
OSError: Can't load the model for 'google/pegasus-cnn_dailymail'. If you were trying to load it from 'https://huggingface.co/models', make sure you don't have a local directory with the same name. Otherwise, make sure 'google/pegasus-cnn_dailymail' is the correct path to a directory containing a file named pytorch_model.bin, tf_model.h5, model.ckpt or flax_model.msgpack.
[2025-01-14 13:54:56,038: INFO: config: PyTorch version 2.5.1+cu124 available.]
[2025-01-14 13:54:56,623: INFO: main: >>>>>> stage Model Trainer Stage started <<<<<<]
[2025-01-14 13:54:56,626: INFO: common: yaml file: config\config.yaml loaded successfully]
[2025-01-14 13:54:56,628: INFO: common: yaml file: params.yaml loaded successfully]
[2025-01-14 13:54:56,629: INFO: common: Created directory at: artifacts]
[2025-01-14 13:54:56,629: INFO: common: Created directory at: artifacts/model_trainer]
[2025-01-14 13:55:06,208: INFO: config: PyTorch version 2.5.1+cu124 available.]
[2025-01-14 13:55:06,752: INFO: main: >>>>>> stage Model Trainer Stage started <<<<<<]
[2025-01-14 13:55:06,755: INFO: common: yaml file: config\config.yaml loaded successfully]
[2025-01-14 13:55:06,758: INFO: common: yaml file: params.yaml loaded successfully]
[2025-01-14 13:55:06,759: INFO: common: Created directory at: artifacts]
[2025-01-14 13:55:06,760: INFO: common: Created directory at: artifacts/model_trainer]
[2025-01-14 13:55:08,730: ERROR: main: Can't load the model for 'google/pegasus-cnn_dailymail'. If you were trying to load it from 'https://huggingface.co/models', make sure you don't have a local directory with the same name. Otherwise, make sure 'google/pegasus-cnn_dailymail' is the correct path to a directory containing a file named pytorch_model.bin, tf_model.h5, model.ckpt or flax_model.msgpack.]
Traceback (most recent call last):
  File "c:\Projects\011_NLP_HuggF_Summarizer\TextSummarizer\venv_TextSumm\lib\site-packages\transformers\modeling_utils.py", line 3897, in from_pretrained
    ).start()
  File "c:\Projects\011_NLP_HuggF_Summarizer\TextSummarizer\venv_TextSumm\lib\multiprocessing\process.py", line 121, in start
    self._popen = self._Popen(self)
  File "c:\Projects\011_NLP_HuggF_Summarizer\TextSummarizer\venv_TextSumm\lib\multiprocessing\context.py", line 224, in _Popen
    return _default_context.get_context().Process._Popen(process_obj)
  File "c:\Projects\011_NLP_HuggF_Summarizer\TextSummarizer\venv_TextSumm\lib\multiprocessing\context.py", line 327, in _Popen
    return Popen(process_obj)
  File "c:\Projects\011_NLP_HuggF_Summarizer\TextSummarizer\venv_TextSumm\lib\multiprocessing\popen_spawn_win32.py", line 45, in __init__
    prep_data = spawn.get_preparation_data(process_obj._name)
  File "c:\Projects\011_NLP_HuggF_Summarizer\TextSummarizer\venv_TextSumm\lib\multiprocessing\spawn.py", line 154, in get_preparation_data
    _check_not_importing_main()
  File "c:\Projects\011_NLP_HuggF_Summarizer\TextSummarizer\venv_TextSumm\lib\multiprocessing\spawn.py", line 134, in _check_not_importing_main
    raise RuntimeError('''
RuntimeError: 
        An attempt has been made to start a new process before the
        current process has finished its bootstrapping phase.

        This probably means that you are not using fork to start your
        child processes and you have forgotten to use the proper idiom
        in the main module:

            if __name__ == '__main__':
                freeze_support()
                ...

        The "freeze_support()" line can be omitted if the program
        is not going to be frozen to produce an executable.

The above exception was the direct cause of the following exception:

Traceback (most recent call last):
  File "C:\Projects\011_NLP_HuggF_Summarizer\TextSummarizer\main.py", line 31, in <module>
    model_trainer_pipeline.initiate_model_trainer()
  File "C:\Projects\011_NLP_HuggF_Summarizer\TextSummarizer\src\textSummarizer\pipeline\stage_3_model_trainer_pipeline.py", line 12, in initiate_model_trainer
    model_trainer.train()
  File "C:\Projects\011_NLP_HuggF_Summarizer\TextSummarizer\src\textSummarizer\components\model_trainer.py", line 17, in train
    model_pegasus = AutoModelForSeq2SeqLM.from_pretrained(self.config.model_ckpt).to(device)
  File "c:\Projects\011_NLP_HuggF_Summarizer\TextSummarizer\venv_TextSumm\lib\site-packages\transformers\models\auto\auto_factory.py", line 564, in from_pretrained
    return model_class.from_pretrained(
  File "c:\Projects\011_NLP_HuggF_Summarizer\TextSummarizer\venv_TextSumm\lib\site-packages\transformers\modeling_utils.py", line 3941, in from_pretrained
    raise EnvironmentError(
OSError: Can't load the model for 'google/pegasus-cnn_dailymail'. If you were trying to load it from 'https://huggingface.co/models', make sure you don't have a local directory with the same name. Otherwise, make sure 'google/pegasus-cnn_dailymail' is the correct path to a directory containing a file named pytorch_model.bin, tf_model.h5, model.ckpt or flax_model.msgpack.
[2025-01-14 14:15:56,066: INFO: config: PyTorch version 2.5.1+cu124 available.]
[2025-01-14 14:15:57,655: INFO: main: >>>>>> stage Model Trainer Stage started <<<<<<]
[2025-01-14 14:15:57,658: INFO: common: yaml file: config\config.yaml loaded successfully]
[2025-01-14 14:15:57,661: INFO: common: yaml file: params.yaml loaded successfully]
[2025-01-14 14:15:57,662: INFO: common: Created directory at: artifacts]
[2025-01-14 14:15:57,662: INFO: common: Created directory at: artifacts/model_trainer]
[2025-01-14 14:16:07,869: INFO: config: PyTorch version 2.5.1+cu124 available.]
[2025-01-14 14:34:16,938: INFO: model_trainer: Training completed]
[2025-01-14 14:34:46,750: INFO: model_trainer: Model saved to artifacts/model_trainer\pegasus-samsum-model]
[2025-01-14 14:34:46,865: INFO: model_trainer: Tokenizer saved to artifacts/model_trainer\tokenizer]
[2025-01-14 14:34:47,222: INFO: main: >>>>>> stage Model Trainer Stage completed <<<<<<]
[2025-01-14 15:53:58,137: INFO: config: PyTorch version 2.5.1+cu124 available.]
[2025-01-14 16:10:53,290: INFO: common: yaml file: config\config.yaml loaded successfully]
[2025-01-14 16:10:53,294: INFO: common: yaml file: params.yaml loaded successfully]
[2025-01-14 16:10:53,297: INFO: common: Created directory at: artifacts]
[2025-01-14 16:10:53,299: INFO: common: Created directory at: artifacts/model_evaluation]
[2025-01-18 12:05:14,148: INFO: config: PyTorch version 2.5.1+cu124 available.]
[2025-01-18 12:05:48,743: INFO: common: yaml file: config\config.yaml loaded successfully]
[2025-01-18 12:05:48,751: INFO: common: yaml file: params.yaml loaded successfully]
[2025-01-18 12:05:48,753: INFO: common: Created directory at: artifacts]
[2025-01-18 12:05:48,756: INFO: common: Created directory at: artifacts/model_evaluation]
[2025-01-18 12:06:19,703: INFO: rouge_scorer: Using default tokenizer.]
[2025-01-18 13:15:04,167: INFO: config: PyTorch version 2.5.1+cu124 available.]
[2025-01-18 13:15:04,891: INFO: common: yaml file: config\config.yaml loaded successfully]
[2025-01-18 13:15:04,894: INFO: common: yaml file: params.yaml loaded successfully]
[2025-01-18 13:15:04,894: INFO: common: Created directory at: artifacts]
[2025-01-18 13:15:04,895: INFO: common: Created directory at: artifacts/model_evaluation]
[2025-01-18 13:15:31,698: INFO: rouge_scorer: Using default tokenizer.]
[2025-01-18 13:17:12,498: INFO: config: PyTorch version 2.5.1+cu124 available.]
[2025-01-18 13:17:13,150: INFO: main: >>>>>> stage Model Evaluation Stage started <<<<<<]
[2025-01-18 13:17:13,154: INFO: common: yaml file: config\config.yaml loaded successfully]
[2025-01-18 13:17:13,156: INFO: common: yaml file: params.yaml loaded successfully]
[2025-01-18 13:17:13,157: INFO: common: Created directory at: artifacts]
[2025-01-18 13:17:13,157: INFO: common: Created directory at: artifacts/model_evaluation]
[2025-01-18 13:17:41,940: INFO: rouge_scorer: Using default tokenizer.]
[2025-01-18 13:17:42,254: INFO: main: >>>>>> stage Model Evaluation Stage completed <<<<<<]
[2025-01-19 20:32:17,608: INFO: server: Started server process [10860]]
[2025-01-19 20:32:17,609: INFO: on: Waiting for application startup.]
[2025-01-19 20:32:17,610: INFO: on: Application startup complete.]
[2025-01-19 20:32:17,611: INFO: server: Uvicorn running on http://0.0.0.0:8080 (Press CTRL+C to quit)]
[2025-01-19 20:35:17,810: INFO: common: yaml file: config\config.yaml loaded successfully]
[2025-01-19 20:35:17,815: INFO: common: yaml file: params.yaml loaded successfully]
[2025-01-19 20:35:17,816: INFO: common: Created directory at: artifacts]
[2025-01-19 20:35:17,818: INFO: common: Created directory at: artifacts/model_evaluation]
[2025-01-19 20:39:18,223: INFO: server: Shutting down]
[2025-01-19 20:39:18,332: INFO: on: Waiting for application shutdown.]
[2025-01-19 20:39:18,333: INFO: on: Application shutdown complete.]
[2025-01-19 20:39:18,334: INFO: server: Finished server process [10860]]
